  VIBuffer_Rect.cpp
  VIBuffer.cpp
  Transform.cpp
  Texture.cpp
  Shader.cpp
d:\정의훈\139\framework\engine\private\shader.cpp(46): warning C4267: '인수': 'size_t'에서 'uint32_t'(으)로 변환하면서 데이터가 손실될 수 있습니다.
  Renderer.cpp
  PipeLine.cpp
  Object_Manager.cpp
  Level_Manager.cpp
  Level.cpp
  GameInstance.cpp
  Component_Manager.cpp
  Component.cpp
  Camera.cpp
  Engine_Struct.cpp
  VIBuffer_Terrain.cpp
d:\정의훈\139\framework\engine\private\vibuffer_terrain.cpp(55): warning C4267: '초기화 중': 'size_t'에서 'Engine::_uint'(으)로 변환하면서 데이터가 손실될 수 있습니다.
d:\정의훈\139\framework\engine\private\vibuffer_terrain.cpp(63): warning C4244: '인수': 'std::size_t'에서 'float'(으)로 변환하면서 데이터가 손실될 수 있습니다.
d:\정의훈\139\framework\engine\private\vibuffer_terrain.cpp(85): warning C4267: '초기화 중': 'size_t'에서 'Engine::_uint'(으)로 변환하면서 데이터가 손실될 수 있습니다.
  Timer_Manager.cpp
  Timer.cpp
  Layer.cpp
  Input_Device.cpp
  코드를 생성하고 있습니다...
  컴파일하고 있습니다...
  Graphic_Device.cpp
  GameObject.cpp
  코드를 생성하고 있습니다...
  컴파일하고 있습니다...
  Base.cpp
  코드를 생성하고 있습니다...
  Engine.vcxproj -> D:\정의훈\139\Framework\Engine\Default\..\Bin\Engine.dll
  Engine.vcxproj -> ..\Bin\Engine.pdb (Full PDB)
